 
 -------------- celery@edx.lms.core.high_mem.josiah-VirtualBox v3.1.25 (Cipater)
---- **** ----- 
--- * ***  * -- Linux-4.15.0-91-generic-x86_64-with-Ubuntu-16.04-xenial
-- * - **** --- 
- ** ---------- [config]
- ** ---------- .> app:         proj:0x7f8dbe70c5d0
- ** ---------- .> transport:   amqp://celery:**@localhost:5672//
- ** ---------- .> results:     
- *** --- * --- .> concurrency: 1 (prefork)
-- ******* ---- 
--- ***** ----- [queues]
 -------------- .> edx.lms.core.high_mem exchange=edx.lms.core(direct) key=edx.lms.core.high_mem
                

[tasks]
  . bulk_email.tasks.send_course_email
  . celery_utils.tasks.mark_resolved
  . edx_sga.tasks.zip_student_submissions
  . email_marketing.tasks.get_email_cookies_via_sailthru
  . email_marketing.tasks.update_course_enrollment
  . email_marketing.tasks.update_user
  . email_marketing.tasks.update_user_email
  . gating.tasks.task_evaluate_subsection_completion_milestones
  . integrated_channels.integrated_channel.tasks.transmit_content_metadata
  . integrated_channels.integrated_channel.tasks.transmit_learner_data
  . integrated_channels.integrated_channel.tasks.unlink_inactive_learners
  . lms.djangoapps.certificates.tasks.generate_certificate
  . lms.djangoapps.discussion.tasks.send_ace_message
  . lms.djangoapps.discussion.tasks.update_discussions_map
  . lms.djangoapps.email_marketing.tasks.get_email_cookies_via_sailthru
  . lms.djangoapps.email_marketing.tasks.update_course_enrollment
  . lms.djangoapps.email_marketing.tasks.update_user
  . lms.djangoapps.email_marketing.tasks.update_user_email
  . lms.djangoapps.grades.tasks.compute_all_grades_for_course
  . lms.djangoapps.grades.tasks.compute_grades_for_course
  . lms.djangoapps.grades.tasks.compute_grades_for_course_v2
  . lms.djangoapps.grades.tasks.recalculate_course_and_subsection_grades_for_user
  . lms.djangoapps.grades.tasks.recalculate_subsection_grade_v3
  . lms.djangoapps.instructor_task.tasks.calculate_grades_csv
  . lms.djangoapps.instructor_task.tasks.calculate_may_enroll_csv
  . lms.djangoapps.instructor_task.tasks.calculate_problem_grade_report
  . lms.djangoapps.instructor_task.tasks.calculate_problem_responses_csv
  . lms.djangoapps.instructor_task.tasks.calculate_students_features_csv
  . lms.djangoapps.instructor_task.tasks.cohort_students
  . lms.djangoapps.instructor_task.tasks.course_survey_report_csv
  . lms.djangoapps.instructor_task.tasks.delete_problem_state
  . lms.djangoapps.instructor_task.tasks.enrollment_report_features_csv
  . lms.djangoapps.instructor_task.tasks.exec_summary_report_csv
  . lms.djangoapps.instructor_task.tasks.export_ora2_data
  . lms.djangoapps.instructor_task.tasks.generate_certificates
  . lms.djangoapps.instructor_task.tasks.override_problem_score
  . lms.djangoapps.instructor_task.tasks.proctored_exam_results_csv
  . lms.djangoapps.instructor_task.tasks.rescore_problem
  . lms.djangoapps.instructor_task.tasks.reset_problem_attempts
  . lms.djangoapps.instructor_task.tasks.send_bulk_course_email
  . lms.djangoapps.verify_student.tasks.send_verification_status_email
  . openedx.core.djangoapps.content.block_structure.tasks.get_course_in_cache
  . openedx.core.djangoapps.content.block_structure.tasks.get_course_in_cache_v2
  . openedx.core.djangoapps.content.block_structure.tasks.update_course_in_cache
  . openedx.core.djangoapps.content.block_structure.tasks.update_course_in_cache_v2
  . openedx.core.djangoapps.coursegraph.tasks.dump_course_to_neo4j
  . openedx.core.djangoapps.credentials.tasks.v1.tasks.send_grade_to_credentials
  . openedx.core.djangoapps.programs.tasks.v1.tasks.award_course_certificate
  . openedx.core.djangoapps.programs.tasks.v1.tasks.award_program_certificates
  . openedx.core.djangoapps.schedules.tasks.ScheduleCourseUpdate
  . openedx.core.djangoapps.schedules.tasks.ScheduleMessageBaseTask
  . openedx.core.djangoapps.schedules.tasks.ScheduleRecurringNudge
  . openedx.core.djangoapps.schedules.tasks.ScheduleUpgradeReminder
  . openedx.core.djangoapps.schedules.tasks._course_update_schedule_send
  . openedx.core.djangoapps.schedules.tasks._recurring_nudge_schedule_send
  . openedx.core.djangoapps.schedules.tasks._upgrade_reminder_schedule_send
  . openedx.core.djangoapps.schedules.tasks.update_course_schedules
  . openedx.core.djangoapps.service_status.tasks.delayed_ping
  . openedx.core.djangoapps.verified_track_content.tasks.sync_cohort_with_mode
  . student.tasks.send_activation_email
  . third_party_auth.fetch_saml_metadata

 
 -------------- celery@edx.lms.core.high_mem.josiah-VirtualBox v3.1.25 (Cipater)
---- **** ----- 
--- * ***  * -- Linux-4.15.0-91-generic-x86_64-with-Ubuntu-16.04-xenial
-- * - **** --- 
- ** ---------- [config]
- ** ---------- .> app:         proj:0x7f119a6a65d0
- ** ---------- .> transport:   amqp://celery:**@localhost:5672//
- ** ---------- .> results:     
- *** --- * --- .> concurrency: 1 (prefork)
-- ******* ---- 
--- ***** ----- [queues]
 -------------- .> edx.lms.core.high_mem exchange=edx.lms.core(direct) key=edx.lms.core.high_mem
                

[tasks]
  . bulk_email.tasks.send_course_email
  . celery_utils.tasks.mark_resolved
  . edx_sga.tasks.zip_student_submissions
  . email_marketing.tasks.get_email_cookies_via_sailthru
  . email_marketing.tasks.update_course_enrollment
  . email_marketing.tasks.update_user
  . email_marketing.tasks.update_user_email
  . gating.tasks.task_evaluate_subsection_completion_milestones
  . integrated_channels.integrated_channel.tasks.transmit_content_metadata
  . integrated_channels.integrated_channel.tasks.transmit_learner_data
  . integrated_channels.integrated_channel.tasks.unlink_inactive_learners
  . lms.djangoapps.certificates.tasks.generate_certificate
  . lms.djangoapps.discussion.tasks.send_ace_message
  . lms.djangoapps.discussion.tasks.update_discussions_map
  . lms.djangoapps.email_marketing.tasks.get_email_cookies_via_sailthru
  . lms.djangoapps.email_marketing.tasks.update_course_enrollment
  . lms.djangoapps.email_marketing.tasks.update_user
  . lms.djangoapps.email_marketing.tasks.update_user_email
  . lms.djangoapps.grades.tasks.compute_all_grades_for_course
  . lms.djangoapps.grades.tasks.compute_grades_for_course
  . lms.djangoapps.grades.tasks.compute_grades_for_course_v2
  . lms.djangoapps.grades.tasks.recalculate_course_and_subsection_grades_for_user
  . lms.djangoapps.grades.tasks.recalculate_subsection_grade_v3
  . lms.djangoapps.instructor_task.tasks.calculate_grades_csv
  . lms.djangoapps.instructor_task.tasks.calculate_may_enroll_csv
  . lms.djangoapps.instructor_task.tasks.calculate_problem_grade_report
  . lms.djangoapps.instructor_task.tasks.calculate_problem_responses_csv
  . lms.djangoapps.instructor_task.tasks.calculate_students_features_csv
  . lms.djangoapps.instructor_task.tasks.cohort_students
  . lms.djangoapps.instructor_task.tasks.course_survey_report_csv
  . lms.djangoapps.instructor_task.tasks.delete_problem_state
  . lms.djangoapps.instructor_task.tasks.enrollment_report_features_csv
  . lms.djangoapps.instructor_task.tasks.exec_summary_report_csv
  . lms.djangoapps.instructor_task.tasks.export_ora2_data
  . lms.djangoapps.instructor_task.tasks.generate_certificates
  . lms.djangoapps.instructor_task.tasks.override_problem_score
  . lms.djangoapps.instructor_task.tasks.proctored_exam_results_csv
  . lms.djangoapps.instructor_task.tasks.rescore_problem
  . lms.djangoapps.instructor_task.tasks.reset_problem_attempts
  . lms.djangoapps.instructor_task.tasks.send_bulk_course_email
  . lms.djangoapps.verify_student.tasks.send_verification_status_email
  . openedx.core.djangoapps.content.block_structure.tasks.get_course_in_cache
  . openedx.core.djangoapps.content.block_structure.tasks.get_course_in_cache_v2
  . openedx.core.djangoapps.content.block_structure.tasks.update_course_in_cache
  . openedx.core.djangoapps.content.block_structure.tasks.update_course_in_cache_v2
  . openedx.core.djangoapps.coursegraph.tasks.dump_course_to_neo4j
  . openedx.core.djangoapps.credentials.tasks.v1.tasks.send_grade_to_credentials
  . openedx.core.djangoapps.programs.tasks.v1.tasks.award_course_certificate
  . openedx.core.djangoapps.programs.tasks.v1.tasks.award_program_certificates
  . openedx.core.djangoapps.schedules.tasks.ScheduleCourseUpdate
  . openedx.core.djangoapps.schedules.tasks.ScheduleMessageBaseTask
  . openedx.core.djangoapps.schedules.tasks.ScheduleRecurringNudge
  . openedx.core.djangoapps.schedules.tasks.ScheduleUpgradeReminder
  . openedx.core.djangoapps.schedules.tasks._course_update_schedule_send
  . openedx.core.djangoapps.schedules.tasks._recurring_nudge_schedule_send
  . openedx.core.djangoapps.schedules.tasks._upgrade_reminder_schedule_send
  . openedx.core.djangoapps.schedules.tasks.update_course_schedules
  . openedx.core.djangoapps.service_status.tasks.delayed_ping
  . openedx.core.djangoapps.verified_track_content.tasks.sync_cohort_with_mode
  . student.tasks.send_activation_email
  . third_party_auth.fetch_saml_metadata

 
 -------------- celery@edx.lms.core.high_mem.josiah-VirtualBox v3.1.25 (Cipater)
---- **** ----- 
--- * ***  * -- Linux-4.15.0-91-generic-x86_64-with-Ubuntu-16.04-xenial
-- * - **** --- 
- ** ---------- [config]
- ** ---------- .> app:         proj:0x7f0be1b5b5d0
- ** ---------- .> transport:   amqp://celery:**@localhost:5672//
- ** ---------- .> results:     
- *** --- * --- .> concurrency: 1 (prefork)
-- ******* ---- 
--- ***** ----- [queues]
 -------------- .> edx.lms.core.high_mem exchange=edx.lms.core(direct) key=edx.lms.core.high_mem
                

[tasks]
  . bulk_email.tasks.send_course_email
  . celery_utils.tasks.mark_resolved
  . edx_sga.tasks.zip_student_submissions
  . email_marketing.tasks.get_email_cookies_via_sailthru
  . email_marketing.tasks.update_course_enrollment
  . email_marketing.tasks.update_user
  . email_marketing.tasks.update_user_email
  . gating.tasks.task_evaluate_subsection_completion_milestones
  . integrated_channels.integrated_channel.tasks.transmit_content_metadata
  . integrated_channels.integrated_channel.tasks.transmit_learner_data
  . integrated_channels.integrated_channel.tasks.unlink_inactive_learners
  . lms.djangoapps.certificates.tasks.generate_certificate
  . lms.djangoapps.discussion.tasks.send_ace_message
  . lms.djangoapps.discussion.tasks.update_discussions_map
  . lms.djangoapps.email_marketing.tasks.get_email_cookies_via_sailthru
  . lms.djangoapps.email_marketing.tasks.update_course_enrollment
  . lms.djangoapps.email_marketing.tasks.update_user
  . lms.djangoapps.email_marketing.tasks.update_user_email
  . lms.djangoapps.grades.tasks.compute_all_grades_for_course
  . lms.djangoapps.grades.tasks.compute_grades_for_course
  . lms.djangoapps.grades.tasks.compute_grades_for_course_v2
  . lms.djangoapps.grades.tasks.recalculate_course_and_subsection_grades_for_user
  . lms.djangoapps.grades.tasks.recalculate_subsection_grade_v3
  . lms.djangoapps.instructor_task.tasks.calculate_grades_csv
  . lms.djangoapps.instructor_task.tasks.calculate_may_enroll_csv
  . lms.djangoapps.instructor_task.tasks.calculate_problem_grade_report
  . lms.djangoapps.instructor_task.tasks.calculate_problem_responses_csv
  . lms.djangoapps.instructor_task.tasks.calculate_students_features_csv
  . lms.djangoapps.instructor_task.tasks.cohort_students
  . lms.djangoapps.instructor_task.tasks.course_survey_report_csv
  . lms.djangoapps.instructor_task.tasks.delete_problem_state
  . lms.djangoapps.instructor_task.tasks.enrollment_report_features_csv
  . lms.djangoapps.instructor_task.tasks.exec_summary_report_csv
  . lms.djangoapps.instructor_task.tasks.export_ora2_data
  . lms.djangoapps.instructor_task.tasks.generate_certificates
  . lms.djangoapps.instructor_task.tasks.override_problem_score
  . lms.djangoapps.instructor_task.tasks.proctored_exam_results_csv
  . lms.djangoapps.instructor_task.tasks.rescore_problem
  . lms.djangoapps.instructor_task.tasks.reset_problem_attempts
  . lms.djangoapps.instructor_task.tasks.send_bulk_course_email
  . lms.djangoapps.verify_student.tasks.send_verification_status_email
  . openedx.core.djangoapps.content.block_structure.tasks.get_course_in_cache
  . openedx.core.djangoapps.content.block_structure.tasks.get_course_in_cache_v2
  . openedx.core.djangoapps.content.block_structure.tasks.update_course_in_cache
  . openedx.core.djangoapps.content.block_structure.tasks.update_course_in_cache_v2
  . openedx.core.djangoapps.coursegraph.tasks.dump_course_to_neo4j
  . openedx.core.djangoapps.credentials.tasks.v1.tasks.send_grade_to_credentials
  . openedx.core.djangoapps.programs.tasks.v1.tasks.award_course_certificate
  . openedx.core.djangoapps.programs.tasks.v1.tasks.award_program_certificates
  . openedx.core.djangoapps.schedules.tasks.ScheduleCourseUpdate
  . openedx.core.djangoapps.schedules.tasks.ScheduleMessageBaseTask
  . openedx.core.djangoapps.schedules.tasks.ScheduleRecurringNudge
  . openedx.core.djangoapps.schedules.tasks.ScheduleUpgradeReminder
  . openedx.core.djangoapps.schedules.tasks._course_update_schedule_send
  . openedx.core.djangoapps.schedules.tasks._recurring_nudge_schedule_send
  . openedx.core.djangoapps.schedules.tasks._upgrade_reminder_schedule_send
  . openedx.core.djangoapps.schedules.tasks.update_course_schedules
  . openedx.core.djangoapps.service_status.tasks.delayed_ping
  . openedx.core.djangoapps.verified_track_content.tasks.sync_cohort_with_mode
  . student.tasks.send_activation_email
  . third_party_auth.fetch_saml_metadata

 
 -------------- celery@edx.lms.core.high_mem.josiah-VirtualBox v3.1.25 (Cipater)
---- **** ----- 
--- * ***  * -- Linux-4.15.0-91-generic-x86_64-with-Ubuntu-16.04-xenial
-- * - **** --- 
- ** ---------- [config]
- ** ---------- .> app:         proj:0x7f2a0dfd65d0
- ** ---------- .> transport:   amqp://celery:**@localhost:5672//
- ** ---------- .> results:     
- *** --- * --- .> concurrency: 1 (prefork)
-- ******* ---- 
--- ***** ----- [queues]
 -------------- .> edx.lms.core.high_mem exchange=edx.lms.core(direct) key=edx.lms.core.high_mem
                

[tasks]
  . bulk_email.tasks.send_course_email
  . celery_utils.tasks.mark_resolved
  . edx_sga.tasks.zip_student_submissions
  . email_marketing.tasks.get_email_cookies_via_sailthru
  . email_marketing.tasks.update_course_enrollment
  . email_marketing.tasks.update_user
  . email_marketing.tasks.update_user_email
  . gating.tasks.task_evaluate_subsection_completion_milestones
  . integrated_channels.integrated_channel.tasks.transmit_content_metadata
  . integrated_channels.integrated_channel.tasks.transmit_learner_data
  . integrated_channels.integrated_channel.tasks.unlink_inactive_learners
  . lms.djangoapps.certificates.tasks.generate_certificate
  . lms.djangoapps.discussion.tasks.send_ace_message
  . lms.djangoapps.discussion.tasks.update_discussions_map
  . lms.djangoapps.email_marketing.tasks.get_email_cookies_via_sailthru
  . lms.djangoapps.email_marketing.tasks.update_course_enrollment
  . lms.djangoapps.email_marketing.tasks.update_user
  . lms.djangoapps.email_marketing.tasks.update_user_email
  . lms.djangoapps.grades.tasks.compute_all_grades_for_course
  . lms.djangoapps.grades.tasks.compute_grades_for_course
  . lms.djangoapps.grades.tasks.compute_grades_for_course_v2
  . lms.djangoapps.grades.tasks.recalculate_course_and_subsection_grades_for_user
  . lms.djangoapps.grades.tasks.recalculate_subsection_grade_v3
  . lms.djangoapps.instructor_task.tasks.calculate_grades_csv
  . lms.djangoapps.instructor_task.tasks.calculate_may_enroll_csv
  . lms.djangoapps.instructor_task.tasks.calculate_problem_grade_report
  . lms.djangoapps.instructor_task.tasks.calculate_problem_responses_csv
  . lms.djangoapps.instructor_task.tasks.calculate_students_features_csv
  . lms.djangoapps.instructor_task.tasks.cohort_students
  . lms.djangoapps.instructor_task.tasks.course_survey_report_csv
  . lms.djangoapps.instructor_task.tasks.delete_problem_state
  . lms.djangoapps.instructor_task.tasks.enrollment_report_features_csv
  . lms.djangoapps.instructor_task.tasks.exec_summary_report_csv
  . lms.djangoapps.instructor_task.tasks.export_ora2_data
  . lms.djangoapps.instructor_task.tasks.generate_certificates
  . lms.djangoapps.instructor_task.tasks.override_problem_score
  . lms.djangoapps.instructor_task.tasks.proctored_exam_results_csv
  . lms.djangoapps.instructor_task.tasks.rescore_problem
  . lms.djangoapps.instructor_task.tasks.reset_problem_attempts
  . lms.djangoapps.instructor_task.tasks.send_bulk_course_email
  . lms.djangoapps.verify_student.tasks.send_verification_status_email
  . openedx.core.djangoapps.content.block_structure.tasks.get_course_in_cache
  . openedx.core.djangoapps.content.block_structure.tasks.get_course_in_cache_v2
  . openedx.core.djangoapps.content.block_structure.tasks.update_course_in_cache
  . openedx.core.djangoapps.content.block_structure.tasks.update_course_in_cache_v2
  . openedx.core.djangoapps.coursegraph.tasks.dump_course_to_neo4j
  . openedx.core.djangoapps.credentials.tasks.v1.tasks.send_grade_to_credentials
  . openedx.core.djangoapps.programs.tasks.v1.tasks.award_course_certificate
  . openedx.core.djangoapps.programs.tasks.v1.tasks.award_program_certificates
  . openedx.core.djangoapps.schedules.tasks.ScheduleCourseUpdate
  . openedx.core.djangoapps.schedules.tasks.ScheduleMessageBaseTask
  . openedx.core.djangoapps.schedules.tasks.ScheduleRecurringNudge
  . openedx.core.djangoapps.schedules.tasks.ScheduleUpgradeReminder
  . openedx.core.djangoapps.schedules.tasks._course_update_schedule_send
  . openedx.core.djangoapps.schedules.tasks._recurring_nudge_schedule_send
  . openedx.core.djangoapps.schedules.tasks._upgrade_reminder_schedule_send
  . openedx.core.djangoapps.schedules.tasks.update_course_schedules
  . openedx.core.djangoapps.service_status.tasks.delayed_ping
  . openedx.core.djangoapps.verified_track_content.tasks.sync_cohort_with_mode
  . student.tasks.send_activation_email
  . third_party_auth.fetch_saml_metadata

 
 -------------- celery@edx.lms.core.high_mem.josiah-VirtualBox v3.1.25 (Cipater)
---- **** ----- 
--- * ***  * -- Linux-4.15.0-91-generic-x86_64-with-Ubuntu-16.04-xenial
-- * - **** --- 
- ** ---------- [config]
- ** ---------- .> app:         proj:0x7f7542dce5d0
- ** ---------- .> transport:   amqp://celery:**@localhost:5672//
- ** ---------- .> results:     
- *** --- * --- .> concurrency: 1 (prefork)
-- ******* ---- 
--- ***** ----- [queues]
 -------------- .> edx.lms.core.high_mem exchange=edx.lms.core(direct) key=edx.lms.core.high_mem
                

[tasks]
  . bulk_email.tasks.send_course_email
  . celery_utils.tasks.mark_resolved
  . edx_sga.tasks.zip_student_submissions
  . email_marketing.tasks.get_email_cookies_via_sailthru
  . email_marketing.tasks.update_course_enrollment
  . email_marketing.tasks.update_user
  . email_marketing.tasks.update_user_email
  . gating.tasks.task_evaluate_subsection_completion_milestones
  . integrated_channels.integrated_channel.tasks.transmit_content_metadata
  . integrated_channels.integrated_channel.tasks.transmit_learner_data
  . integrated_channels.integrated_channel.tasks.unlink_inactive_learners
  . lms.djangoapps.certificates.tasks.generate_certificate
  . lms.djangoapps.discussion.tasks.send_ace_message
  . lms.djangoapps.discussion.tasks.update_discussions_map
  . lms.djangoapps.email_marketing.tasks.get_email_cookies_via_sailthru
  . lms.djangoapps.email_marketing.tasks.update_course_enrollment
  . lms.djangoapps.email_marketing.tasks.update_user
  . lms.djangoapps.email_marketing.tasks.update_user_email
  . lms.djangoapps.grades.tasks.compute_all_grades_for_course
  . lms.djangoapps.grades.tasks.compute_grades_for_course
  . lms.djangoapps.grades.tasks.compute_grades_for_course_v2
  . lms.djangoapps.grades.tasks.recalculate_course_and_subsection_grades_for_user
  . lms.djangoapps.grades.tasks.recalculate_subsection_grade_v3
  . lms.djangoapps.instructor_task.tasks.calculate_grades_csv
  . lms.djangoapps.instructor_task.tasks.calculate_may_enroll_csv
  . lms.djangoapps.instructor_task.tasks.calculate_problem_grade_report
  . lms.djangoapps.instructor_task.tasks.calculate_problem_responses_csv
  . lms.djangoapps.instructor_task.tasks.calculate_students_features_csv
  . lms.djangoapps.instructor_task.tasks.cohort_students
  . lms.djangoapps.instructor_task.tasks.course_survey_report_csv
  . lms.djangoapps.instructor_task.tasks.delete_problem_state
  . lms.djangoapps.instructor_task.tasks.enrollment_report_features_csv
  . lms.djangoapps.instructor_task.tasks.exec_summary_report_csv
  . lms.djangoapps.instructor_task.tasks.export_ora2_data
  . lms.djangoapps.instructor_task.tasks.generate_certificates
  . lms.djangoapps.instructor_task.tasks.override_problem_score
  . lms.djangoapps.instructor_task.tasks.proctored_exam_results_csv
  . lms.djangoapps.instructor_task.tasks.rescore_problem
  . lms.djangoapps.instructor_task.tasks.reset_problem_attempts
  . lms.djangoapps.instructor_task.tasks.send_bulk_course_email
  . lms.djangoapps.verify_student.tasks.send_verification_status_email
  . openedx.core.djangoapps.content.block_structure.tasks.get_course_in_cache
  . openedx.core.djangoapps.content.block_structure.tasks.get_course_in_cache_v2
  . openedx.core.djangoapps.content.block_structure.tasks.update_course_in_cache
  . openedx.core.djangoapps.content.block_structure.tasks.update_course_in_cache_v2
  . openedx.core.djangoapps.coursegraph.tasks.dump_course_to_neo4j
  . openedx.core.djangoapps.credentials.tasks.v1.tasks.send_grade_to_credentials
  . openedx.core.djangoapps.programs.tasks.v1.tasks.award_course_certificate
  . openedx.core.djangoapps.programs.tasks.v1.tasks.award_program_certificates
  . openedx.core.djangoapps.schedules.tasks.ScheduleCourseUpdate
  . openedx.core.djangoapps.schedules.tasks.ScheduleMessageBaseTask
  . openedx.core.djangoapps.schedules.tasks.ScheduleRecurringNudge
  . openedx.core.djangoapps.schedules.tasks.ScheduleUpgradeReminder
  . openedx.core.djangoapps.schedules.tasks._course_update_schedule_send
  . openedx.core.djangoapps.schedules.tasks._recurring_nudge_schedule_send
  . openedx.core.djangoapps.schedules.tasks._upgrade_reminder_schedule_send
  . openedx.core.djangoapps.schedules.tasks.update_course_schedules
  . openedx.core.djangoapps.service_status.tasks.delayed_ping
  . openedx.core.djangoapps.verified_track_content.tasks.sync_cohort_with_mode
  . student.tasks.send_activation_email
  . third_party_auth.fetch_saml_metadata

 
 -------------- celery@edx.lms.core.high_mem.josiah-VirtualBox v3.1.25 (Cipater)
---- **** ----- 
--- * ***  * -- Linux-4.15.0-91-generic-x86_64-with-Ubuntu-16.04-xenial
-- * - **** --- 
- ** ---------- [config]
- ** ---------- .> app:         proj:0x7ff1ee6765d0
- ** ---------- .> transport:   amqp://celery:**@localhost:5672//
- ** ---------- .> results:     
- *** --- * --- .> concurrency: 1 (prefork)
-- ******* ---- 
--- ***** ----- [queues]
 -------------- .> edx.lms.core.high_mem exchange=edx.lms.core(direct) key=edx.lms.core.high_mem
                

[tasks]
  . bulk_email.tasks.send_course_email
  . celery_utils.tasks.mark_resolved
  . edx_sga.tasks.zip_student_submissions
  . email_marketing.tasks.get_email_cookies_via_sailthru
  . email_marketing.tasks.update_course_enrollment
  . email_marketing.tasks.update_user
  . email_marketing.tasks.update_user_email
  . gating.tasks.task_evaluate_subsection_completion_milestones
  . integrated_channels.integrated_channel.tasks.transmit_content_metadata
  . integrated_channels.integrated_channel.tasks.transmit_learner_data
  . integrated_channels.integrated_channel.tasks.unlink_inactive_learners
  . lms.djangoapps.certificates.tasks.generate_certificate
  . lms.djangoapps.discussion.tasks.send_ace_message
  . lms.djangoapps.discussion.tasks.update_discussions_map
  . lms.djangoapps.email_marketing.tasks.get_email_cookies_via_sailthru
  . lms.djangoapps.email_marketing.tasks.update_course_enrollment
  . lms.djangoapps.email_marketing.tasks.update_user
  . lms.djangoapps.email_marketing.tasks.update_user_email
  . lms.djangoapps.grades.tasks.compute_all_grades_for_course
  . lms.djangoapps.grades.tasks.compute_grades_for_course
  . lms.djangoapps.grades.tasks.compute_grades_for_course_v2
  . lms.djangoapps.grades.tasks.recalculate_course_and_subsection_grades_for_user
  . lms.djangoapps.grades.tasks.recalculate_subsection_grade_v3
  . lms.djangoapps.instructor_task.tasks.calculate_grades_csv
  . lms.djangoapps.instructor_task.tasks.calculate_may_enroll_csv
  . lms.djangoapps.instructor_task.tasks.calculate_problem_grade_report
  . lms.djangoapps.instructor_task.tasks.calculate_problem_responses_csv
  . lms.djangoapps.instructor_task.tasks.calculate_students_features_csv
  . lms.djangoapps.instructor_task.tasks.cohort_students
  . lms.djangoapps.instructor_task.tasks.course_survey_report_csv
  . lms.djangoapps.instructor_task.tasks.delete_problem_state
  . lms.djangoapps.instructor_task.tasks.enrollment_report_features_csv
  . lms.djangoapps.instructor_task.tasks.exec_summary_report_csv
  . lms.djangoapps.instructor_task.tasks.export_ora2_data
  . lms.djangoapps.instructor_task.tasks.generate_certificates
  . lms.djangoapps.instructor_task.tasks.override_problem_score
  . lms.djangoapps.instructor_task.tasks.proctored_exam_results_csv
  . lms.djangoapps.instructor_task.tasks.rescore_problem
  . lms.djangoapps.instructor_task.tasks.reset_problem_attempts
  . lms.djangoapps.instructor_task.tasks.send_bulk_course_email
  . lms.djangoapps.verify_student.tasks.send_verification_status_email
  . openedx.core.djangoapps.content.block_structure.tasks.get_course_in_cache
  . openedx.core.djangoapps.content.block_structure.tasks.get_course_in_cache_v2
  . openedx.core.djangoapps.content.block_structure.tasks.update_course_in_cache
  . openedx.core.djangoapps.content.block_structure.tasks.update_course_in_cache_v2
  . openedx.core.djangoapps.coursegraph.tasks.dump_course_to_neo4j
  . openedx.core.djangoapps.credentials.tasks.v1.tasks.send_grade_to_credentials
  . openedx.core.djangoapps.programs.tasks.v1.tasks.award_course_certificate
  . openedx.core.djangoapps.programs.tasks.v1.tasks.award_program_certificates
  . openedx.core.djangoapps.schedules.tasks.ScheduleCourseUpdate
  . openedx.core.djangoapps.schedules.tasks.ScheduleMessageBaseTask
  . openedx.core.djangoapps.schedules.tasks.ScheduleRecurringNudge
  . openedx.core.djangoapps.schedules.tasks.ScheduleUpgradeReminder
  . openedx.core.djangoapps.schedules.tasks._course_update_schedule_send
  . openedx.core.djangoapps.schedules.tasks._recurring_nudge_schedule_send
  . openedx.core.djangoapps.schedules.tasks._upgrade_reminder_schedule_send
  . openedx.core.djangoapps.schedules.tasks.update_course_schedules
  . openedx.core.djangoapps.service_status.tasks.delayed_ping
  . openedx.core.djangoapps.verified_track_content.tasks.sync_cohort_with_mode
  . student.tasks.send_activation_email
  . third_party_auth.fetch_saml_metadata

 
 -------------- celery@edx.lms.core.high_mem.josiah-VirtualBox v3.1.25 (Cipater)
---- **** ----- 
--- * ***  * -- Linux-4.15.0-91-generic-x86_64-with-Ubuntu-16.04-xenial
-- * - **** --- 
- ** ---------- [config]
- ** ---------- .> app:         proj:0x7f387ce1a5d0
- ** ---------- .> transport:   amqp://celery:**@localhost:5672//
- ** ---------- .> results:     
- *** --- * --- .> concurrency: 1 (prefork)
-- ******* ---- 
--- ***** ----- [queues]
 -------------- .> edx.lms.core.high_mem exchange=edx.lms.core(direct) key=edx.lms.core.high_mem
                

[tasks]
  . bulk_email.tasks.send_course_email
  . celery_utils.tasks.mark_resolved
  . edx_sga.tasks.zip_student_submissions
  . email_marketing.tasks.get_email_cookies_via_sailthru
  . email_marketing.tasks.update_course_enrollment
  . email_marketing.tasks.update_user
  . email_marketing.tasks.update_user_email
  . gating.tasks.task_evaluate_subsection_completion_milestones
  . integrated_channels.integrated_channel.tasks.transmit_content_metadata
  . integrated_channels.integrated_channel.tasks.transmit_learner_data
  . integrated_channels.integrated_channel.tasks.unlink_inactive_learners
  . lms.djangoapps.certificates.tasks.generate_certificate
  . lms.djangoapps.discussion.tasks.send_ace_message
  . lms.djangoapps.discussion.tasks.update_discussions_map
  . lms.djangoapps.email_marketing.tasks.get_email_cookies_via_sailthru
  . lms.djangoapps.email_marketing.tasks.update_course_enrollment
  . lms.djangoapps.email_marketing.tasks.update_user
  . lms.djangoapps.email_marketing.tasks.update_user_email
  . lms.djangoapps.grades.tasks.compute_all_grades_for_course
  . lms.djangoapps.grades.tasks.compute_grades_for_course
  . lms.djangoapps.grades.tasks.compute_grades_for_course_v2
  . lms.djangoapps.grades.tasks.recalculate_course_and_subsection_grades_for_user
  . lms.djangoapps.grades.tasks.recalculate_subsection_grade_v3
  . lms.djangoapps.instructor_task.tasks.calculate_grades_csv
  . lms.djangoapps.instructor_task.tasks.calculate_may_enroll_csv
  . lms.djangoapps.instructor_task.tasks.calculate_problem_grade_report
  . lms.djangoapps.instructor_task.tasks.calculate_problem_responses_csv
  . lms.djangoapps.instructor_task.tasks.calculate_students_features_csv
  . lms.djangoapps.instructor_task.tasks.cohort_students
  . lms.djangoapps.instructor_task.tasks.course_survey_report_csv
  . lms.djangoapps.instructor_task.tasks.delete_problem_state
  . lms.djangoapps.instructor_task.tasks.enrollment_report_features_csv
  . lms.djangoapps.instructor_task.tasks.exec_summary_report_csv
  . lms.djangoapps.instructor_task.tasks.export_ora2_data
  . lms.djangoapps.instructor_task.tasks.generate_certificates
  . lms.djangoapps.instructor_task.tasks.override_problem_score
  . lms.djangoapps.instructor_task.tasks.proctored_exam_results_csv
  . lms.djangoapps.instructor_task.tasks.rescore_problem
  . lms.djangoapps.instructor_task.tasks.reset_problem_attempts
  . lms.djangoapps.instructor_task.tasks.send_bulk_course_email
  . lms.djangoapps.verify_student.tasks.send_verification_status_email
  . openedx.core.djangoapps.content.block_structure.tasks.get_course_in_cache
  . openedx.core.djangoapps.content.block_structure.tasks.get_course_in_cache_v2
  . openedx.core.djangoapps.content.block_structure.tasks.update_course_in_cache
  . openedx.core.djangoapps.content.block_structure.tasks.update_course_in_cache_v2
  . openedx.core.djangoapps.coursegraph.tasks.dump_course_to_neo4j
  . openedx.core.djangoapps.credentials.tasks.v1.tasks.send_grade_to_credentials
  . openedx.core.djangoapps.programs.tasks.v1.tasks.award_course_certificate
  . openedx.core.djangoapps.programs.tasks.v1.tasks.award_program_certificates
  . openedx.core.djangoapps.schedules.tasks.ScheduleCourseUpdate
  . openedx.core.djangoapps.schedules.tasks.ScheduleMessageBaseTask
  . openedx.core.djangoapps.schedules.tasks.ScheduleRecurringNudge
  . openedx.core.djangoapps.schedules.tasks.ScheduleUpgradeReminder
  . openedx.core.djangoapps.schedules.tasks._course_update_schedule_send
  . openedx.core.djangoapps.schedule