current directory: /edx/app/forum/.gem/ruby/2.4.0/gems/unf_ext-0.0.7.4/ext/unf_ext
/edx/app/forum/.rbenv/versions/2.4.1/bin/ruby -r ./siteconf20200324-23703-18py3g8.rb extconf.rb
checking for -lstdc++... yes
creating Makefile

current directory: /edx/app/forum/.gem/ruby/2.4.0/gems/unf_ext-0.0.7.4/ext/unf_ext
make "DESTDIR=" clean

current directory: /edx/app/forum/.gem/ruby/2.4.0/gems/unf_ext-0.0.7.4/ext/unf_ext
make "DESTDIR="
compiling unf.cc
cc1plus: warning: command line option ‘-Wimplicit-int’ is valid for C/ObjC but not for C++
cc1plus: warning: command line option ‘-Wdeclaration-after-statement’ is valid for C/ObjC but not for C++
cc1plus: warning: command line option ‘-Wimplicit-function-declaration’ is valid for C/ObjC but not for C++
cc1plus: warning: unrecognized command line option ‘-Wno-self-assign’
cc1plus: warning: unrecognized command line option ‘-Wno-constant-logical-operand’
cc1plus: warning: unrecognized command line option ‘-Wno-parentheses-equality’
cc1plus: warning: unrecognized command line option ‘-Wno-tautological-compare’
linking shared-object unf_ext.so

current directory: /edx/app/forum/.gem/ruby/2.4.0/gems/unf_ext-0.0.7.4/ext/unf_ext
make "DESTDIR=" install
/usr/bin/install -c -m 0755 unf_ext.so ./.gem.20200324-23703-1gzeqk5
