current directory: /edx/app/forum/.gem/ruby/2.4.0/gems/bson-3.2.6/ext/bson
/edx/app/forum/.rbenv/versions/2.4.1/bin/ruby -r ./siteconf20200324-23703-mti8am.rb extconf.rb
creating Makefile

current directory: /edx/app/forum/.gem/ruby/2.4.0/gems/bson-3.2.6/ext/bson
make "DESTDIR=" clean

current directory: /edx/app/forum/.gem/ruby/2.4.0/gems/bson-3.2.6/ext/bson
make "DESTDIR="
compiling native.c
In file included from /edx/app/forum/.rbenv/versions/2.4.1/include/ruby-2.4.0/ruby/ruby.h:2005:0,
                 from /edx/app/forum/.rbenv/versions/2.4.1/include/ruby-2.4.0/ruby.h:33,
                 from native.c:26:
/edx/app/forum/.rbenv/versions/2.4.1/include/ruby-2.4.0/ruby/intern.h:910:29: warning: ‘struct timespec’ declared inside parameter list
 void rb_timespec_now(struct timespec *);
                             ^
/edx/app/forum/.rbenv/versions/2.4.1/include/ruby-2.4.0/ruby/intern.h:910:29: warning: its scope is only this definition or declaration, which is probably not what you want
/edx/app/forum/.rbenv/versions/2.4.1/include/ruby-2.4.0/ruby/intern.h:913:41: warning: ‘struct timespec’ declared inside parameter list
 VALUE rb_time_timespec_new(const struct timespec *, int);
                                         ^
native.c: In function ‘rb_object_id_generator_next’:
native.c:277:3: warning: ISO C90 forbids mixed declarations and code [-Wdeclaration-after-statement]
   unsigned long c;
   ^
native.c: In function ‘Init_native’:
native.c:686:3: warning: ISO C90 forbids mixed declarations and code [-Wdeclaration-after-statement]
   VALUE digest_class = rb_const_get(rb_cObject, rb_intern("Digest"));
   ^
native.c:692:3: warning: ISO C90 forbids mixed declarations and code [-Wdeclaration-after-statement]
   char rb_bson_machine_id[256];
   ^
native.c:693:3: warning: implicit declaration of function ‘gethostname’ [-Wimplicit-function-declaration]
   gethostname(rb_bson_machine_id, sizeof rb_bson_machine_id);
   ^
native.c:695:3: warning: ISO C90 forbids mixed declarations and code [-Wdeclaration-after-statement]
   VALUE digest = rb_funcall(md5_class, rb_intern("digest"), 1, rb_str_new2(rb_bson_machine_id));
   ^
native.c: At top level:
cc1: warning: unrecognized command line option ‘-Wno-self-assign’
cc1: warning: unrecognized command line option ‘-Wno-constant-logical-operand’
cc1: warning: unrecognized command line option ‘-Wno-parentheses-equality’
cc1: warning: unrecognized command line option ‘-Wno-tautological-compare’
linking shared-object native.so

current directory: /edx/app/forum/.gem/ruby/2.4.0/gems/bson-3.2.6/ext/bson
make "DESTDIR=" install
/usr/bin/install -c -m 0755 native.so ./.gem.20200324-23703-99rmey
